{"logTime": "0310/101339", "correlationVector":"hYADNZJxuBWWTpXTak97e4.1","action":"SyncServerConnectionManagerRequest", "result":"SYNC_SERVER_OK", "context":{"environment":"Prod_japaneast_prod-s01-061-apac-japaneast", "migrationStage":"NotStarted", "server":"akswtt11100002h"}}
{"logTime": "0310/101339", "correlationVector":"hYADNZJxuBWWTpXTak97e4.2","action":"ProcessGetUpdates", "result":"Done", "context":{"dataType":"Encryption Keys", "deleted":"0", "process_failed_to_decrypt":"0", "process_pending_decryption":"0", "process_success":"1", "total":"1"}}
{"logTime": "0310/101339", "correlationVector":"d/vc/7so76e0sqLURAk8C2","action":"SyncServerConnectionManagerRequest", "result":"SYNC_SERVER_ERROR", "context":{"environment":"", "error_type":"http_status_code", "error_value":"400", "migrationStage":"", "server":""}}
{"logTime": "0310/101339", "correlationVector":"hYADNZJxuBWWTpXTak97e4","action":"Initial GetUpdates", "result":"", "context":Reason: NEW_CLIENT. cV=hYADNZJxuBWWTpXTak97e4}
{"logTime": "0310/101339", "correlationVector":"hYADNZJxuBWWTpXTak97e4.3","action":"GetUpdates Response", "result":"Success", "context":Received 1 update(s). cV=hYADNZJxuBWWTpXTak97e4.0;server=akswtt11100002h;cloudType=Consumer;environment=Prod_japaneast_prod-s01-061-apac-japaneast;migrationStage=NotStarted}
{"logTime": "0310/101339", "correlationVector":"2xvYhpxlA+COrYu90RrzFz","action":"Initial GetUpdates", "result":"", "context":Reason: NEW_CLIENT. cV=2xvYhpxlA+COrYu90RrzFz}
{"logTime": "0310/101339", "correlationVector":"2xvYhpxlA+COrYu90RrzFz.1","action":"SyncServerConnectionManagerRequest", "result":"SYNC_SERVER_OK", "context":{"environment":"Prod_japaneast_prod-s01-061-apac-japaneast", "migrationStage":"NotStarted", "server":"akswtt11100002o"}}
{"logTime": "0310/101339", "correlationVector":"2xvYhpxlA+COrYu90RrzFz.2","action":"ProcessGetUpdates", "result":"Done", "context":{"dataType":"Device Info", "deleted":"0", "process_failed_to_decrypt":"0", "process_pending_decryption":"0", "process_success":"3", "total":"3"}}
{"logTime": "0310/101339", "correlationVector":"2xvYhpxlA+COrYu90RrzFz.3","action":"GetUpdates Response", "result":"Success", "context":Received 3 update(s). cV=2xvYhpxlA+COrYu90RrzFz.0;server=akswtt11100002o;cloudType=Consumer;environment=Prod_japaneast_prod-s01-061-apac-japaneast;migrationStage=NotStarted}
{"logTime": "0310/101339", "correlationVector":"S/3fK+2rsR2A3XUEUtDgRZ","action":"SyncServerConnectionManagerRequest", "result":"SYNC_SERVER_ERROR", "context":{"environment":"", "error_type":"http_status_code", "error_value":"400", "migrationStage":"", "server":""}}
{"logTime": "0310/101339", "correlationVector":"CBnifcu9fc8Ef+hGM3HLKC","action":"Initial GetUpdates", "result":"", "context":Reason: NEW_CLIENT. cV=CBnifcu9fc8Ef+hGM3HLKC}
{"logTime": "0310/101339", "correlationVector":"CBnifcu9fc8Ef+hGM3HLKC.1","action":"SyncServerConnectionManagerRequest", "result":"SYNC_SERVER_OK", "context":{"environment":"Prod_japaneast_prod-s01-061-apac-japaneast", "migrationStage":"NotStarted", "server":"akswtt11100002w"}}
{"logTime": "0310/101339", "correlationVector":"CBnifcu9fc8Ef+hGM3HLKC.2","action":"ProcessGetUpdates", "result":"Done", "context":{"dataType":"Web Apps", "deleted":"0", "process_failed_to_decrypt":"0", "process_pending_decryption":"0", "process_success":"2", "total":"2"}}
{"logTime": "0310/101339", "correlationVector":"CBnifcu9fc8Ef+hGM3HLKC.3","action":"GetUpdates Response", "result":"Success", "context":Received 2 update(s). cV=CBnifcu9fc8Ef+hGM3HLKC.0;server=akswtt11100002w;cloudType=Consumer;environment=Prod_japaneast_prod-s01-061-apac-japaneast;migrationStage=NotStarted}
{"logTime": "0310/101340", "correlationVector":"f5/lL2TUpiF9LSUnFiZXsb","action":"SyncServerConnectionManagerRequest", "result":"SYNC_SERVER_ERROR", "context":{"environment":"", "error_type":"http_status_code", "error_value":"400", "migrationStage":"", "server":""}}
{"logTime": "0310/101340", "correlationVector":"LH7fjVygCf65+UvvJRx3c2","action":"Normal GetUpdate request", "result":"", "context":cV=LH7fjVygCf65+UvvJRx3c2
Nudged types: Device Info
Refresh requested types: Extensions, Extension settings, Device Info, User Consents, Send Tab To Self, Web Apps, Encryption Keys}
{"logTime": "0310/101340", "correlationVector":"LH7fjVygCf65+UvvJRx3c2.1","action":"SyncServerConnectionManagerRequest", "result":"SYNC_SERVER_OK", "context":{"environment":"Prod_japaneast_prod-s01-061-apac-japaneast", "migrationStage":"NotStarted", "server":"akswtt11100002i"}}
{"logTime": "0310/101340", "correlationVector":"LH7fjVygCf65+UvvJRx3c2.2","action":"GetUpdates Response", "result":"Success", "context":Received 0 update(s). cV=LH7fjVygCf65+UvvJRx3c2.0;server=akswtt11100002i;cloudType=Consumer;environment=Prod_japaneast_prod-s01-061-apac-japaneast;migrationStage=NotStarted}
{"logTime": "0310/101340", "correlationVector":"dKFz5SZ46YiIZRxvLHDNSn","action":"DoCompareDataConsistency requsted types: ", "result":"Extensions, Extension settings, Send Tab To Self, Web Apps, Encryption Keys"}
{"logTime": "0310/101340", "correlationVector":"dKFz5SZ46YiIZRxvLHDNSn.0","action":"CompareDataConsistency result: ", "result":"Compare result: Encryption Keys is consistent. local entities count is: 1 local entities hash is: 6GJrFQFcFsq5C6HD7HC66/+nRhk="}
{"logTime": "0310/101340", "correlationVector":"dKFz5SZ46YiIZRxvLHDNSn.1","action":"CompareDataConsistency result: ", "result":"Compare result: Extensions is consistent. local entities count is: 0 local entities hash is: "}
{"logTime": "0310/101340", "correlationVector":"dKFz5SZ46YiIZRxvLHDNSn.2","action":"CompareDataConsistency result: ", "result":"Compare result: Extension settings is consistent. local entities count is: 0 local entities hash is: "}
{"logTime": "0310/101340", "correlationVector":"dKFz5SZ46YiIZRxvLHDNSn.3","action":"CompareDataConsistency result: ", "result":"Server did not send this Send Tab To Self local entities count is: 0 local entities hash is: "}
{"logTime": "0310/101340", "correlationVector":"dKFz5SZ46YiIZRxvLHDNSn.4","action":"CompareDataConsistency result: ", "result":"Compare result: Web Apps is consistent. local entities count is: 2 local entities hash is: lyoV+mZAvSaSZcEaP2fW/rqQT8A="}
{"logTime": "0310/101340", "correlationVector":"xG3bwOz7e+qDzJxH3854Wp","action":"Commit Request", "result":"", "context":Item count: 1
Contributing types: Device Info}
{"logTime": "0310/101340", "correlationVector":"xG3bwOz7e+qDzJxH3854Wp.1","action":"SyncServerConnectionManagerRequest", "result":"SYNC_SERVER_OK", "context":{"environment":"Prod_japaneast_prod-s01-061-apac-japaneast", "migrationStage":"NotStarted", "server":"akswtt11100000h"}}
{"logTime": "0310/101340", "correlationVector":"xG3bwOz7e+qDzJxH3854Wp.2","action":"Commit Response", "result":"Success", "context":Result: Success. cV=xG3bwOz7e+qDzJxH3854Wp.0;server=akswtt11100000h;cloudType=Consumer;environment=Prod_japaneast_prod-s01-061-apac-japaneast;migrationStage=NotStarted}
{"logTime": "0310/101340", "correlationVector":"Ce8arjdYF0QzJ7oewhP4sn","action":"SyncServerConnectionManagerRequest", "result":"SYNC_SERVER_ERROR", "context":{"environment":"", "error_type":"http_status_code", "error_value":"400", "migrationStage":"", "server":""}}
{"logTime": "0310/101340", "correlationVector":"","action":"DIAGNOSTIC_REQUEST|v1/diagnosticData/Diagnostic.SendCheckResult()|SUCCESS", "result":""}
{"logTime": "0310/101342", "correlationVector":"Nak15Knx107Y/C01NNSOva","action":"Normal GetUpdate request", "result":"", "context":cV=Nak15Knx107Y/C01NNSOva
Refresh requested types: Encryption Keys}
{"logTime": "0310/101342", "correlationVector":"Nak15Knx107Y/C01NNSOva.1","action":"SyncServerConnectionManagerRequest", "result":"SYNC_SERVER_OK", "context":{"environment":"Prod_japaneast_prod-s01-061-apac-japaneast", "migrationStage":"NotStarted", "server":"akswtt11100002u"}}
{"logTime": "0310/101342", "correlationVector":"Nak15Knx107Y/C01NNSOva.2","action":"ProcessGetUpdates", "result":"Done", "context":{"dataType":"Device Info", "deleted":"0", "process_failed_to_decrypt":"0", "process_pending_decryption":"0", "process_success":"1", "total":"1"}}
{"logTime": "0310/101342", "correlationVector":"Nak15Knx107Y/C01NNSOva.3","action":"GetUpdates Response", "result":"Success", "context":Received 1 update(s). cV=Nak15Knx107Y/C01NNSOva.0;server=akswtt11100002u;cloudType=Consumer;environment=Prod_japaneast_prod-s01-061-apac-japaneast;migrationStage=NotStarted}
{"logTime": "0310/101342", "correlationVector":"KFoz+kofqLyALBxZHDP31r","action":"SyncServerConnectionManagerRequest", "result":"SYNC_SERVER_ERROR", "context":{"environment":"", "error_type":"http_status_code", "error_value":"400", "migrationStage":"", "server":""}}
{"logTime": "0310/101345", "correlationVector":"/Ent36TSA42uG1gO+3H3HB","action":"Initial GetUpdates", "result":"", "context":Reason: RECONFIGURATION. cV=/Ent36TSA42uG1gO+3H3HB}
{"logTime": "0310/101346", "correlationVector":"/Ent36TSA42uG1gO+3H3HB.1","action":"SyncServerConnectionManagerRequest", "result":"SYNC_SERVER_OK", "context":{"environment":"Prod_japaneast_prod-s01-061-apac-japaneast", "migrationStage":"NotStarted", "server":"akswtt111000034"}}
{"logTime": "0310/101346", "correlationVector":"/Ent36TSA42uG1gO+3H3HB.2","action":"ProcessGetUpdates", "result":"Done", "context":{"dataType":"Preferences", "deleted":"0", "process_failed_to_decrypt":"0", "process_pending_decryption":"0", "process_success":"75", "total":"75"}}
{"logTime": "0310/101346", "correlationVector":"/Ent36TSA42uG1gO+3H3HB.3","action":"ProcessGetUpdates", "result":"Done", "context":{"dataType":"Device Info", "deleted":"0", "process_failed_to_decrypt":"0", "process_pending_decryption":"0", "process_success":"4", "total":"4"}}
{"logTime": "0310/101346", "correlationVector":"/Ent36TSA42uG1gO+3H3HB.4","action":"GetUpdates Response", "result":"Success", "context":Received 79 update(s). cV=/Ent36TSA42uG1gO+3H3HB.0;server=akswtt111000034;cloudType=Consumer;environment=Prod_japaneast_prod-s01-061-apac-japaneast;migrationStage=NotStarted}
{"logTime": "0310/101346", "correlationVector":"0LeKTC84nEPjjYXkaut+4w","action":"SyncServerConnectionManagerRequest", "result":"SYNC_SERVER_ERROR", "context":{"environment":"", "error_type":"http_status_code", "error_value":"400", "migrationStage":"", "server":""}}
{"logTime": "0310/101346", "correlationVector":"2m3NCqXlX9XNSPzQPolV8h","action":"Initial GetUpdates", "result":"", "context":Reason: RECONFIGURATION. cV=2m3NCqXlX9XNSPzQPolV8h}
{"logTime": "0310/101347", "correlationVector":"2m3NCqXlX9XNSPzQPolV8h.1","action":"SyncServerConnectionManagerRequest", "result":"SYNC_SERVER_OK", "context":{"environment":"Prod_japaneast_prod-s01-061-apac-japaneast", "migrationStage":"NotStarted", "server":"akswtt11100002l"}}
{"logTime": "0310/101347", "correlationVector":"2m3NCqXlX9XNSPzQPolV8h.2","action":"ProcessGetUpdates", "result":"Done", "context":{"dataType":"Bookmarks", "deleted":"2", "process_failed_to_decrypt":"0", "process_pending_decryption":"0", "process_success":"111", "total":"111"}}
{"logTime": "0310/101347", "correlationVector":"2m3NCqXlX9XNSPzQPolV8h.3","action":"GetUpdates Response", "result":"Success", "context":Received 111 update(s). cV=2m3NCqXlX9XNSPzQPolV8h.0;server=akswtt11100002l;cloudType=Consumer;environment=Prod_japaneast_prod-s01-061-apac-japaneast;migrationStage=NotStarted}
{"logTime": "0310/101347", "correlationVector":"B2+LJYSKqBaQzb8kpQw+um","action":"Initial GetUpdates", "result":"", "context":Reason: RECONFIGURATION. cV=B2+LJYSKqBaQzb8kpQw+um}
{"logTime": "0310/101348", "correlationVector":"B2+LJYSKqBaQzb8kpQw+um.1","action":"SyncServerConnectionManagerRequest", "result":"SYNC_SERVER_OK", "context":{"environment":"Prod_japaneast_prod-s01-061-apac-japaneast", "migrationStage":"NotStarted", "server":"akswtt11100000g"}}
{"logTime": "0310/101348", "correlationVector":"B2+LJYSKqBaQzb8kpQw+um.2","action":"ProcessGetUpdates", "result":"Done", "context":{"dataType":"Sessions", "deleted":"226", "process_failed_to_decrypt":"0", "process_pending_decryption":"0", "process_success":"226", "total":"226"}}
{"logTime": "0310/101348", "correlationVector":"B2+LJYSKqBaQzb8kpQw+um.3","action":"ProcessGetUpdates", "result":"Done", "context":{"dataType":"Web Apps", "deleted":"0", "process_failed_to_decrypt":"0", "process_pending_decryption":"0", "process_success":"1", "total":"1"}}
{"logTime": "0310/101348", "correlationVector":"B2+LJYSKqBaQzb8kpQw+um.4","action":"ProcessGetUpdates", "result":"Done", "context":{"dataType":"Saved Tab Group", "deleted":"11", "process_failed_to_decrypt":"0", "process_pending_decryption":"0", "process_success":"11", "total":"11"}}
{"logTime": "0310/101348", "correlationVector":"B2+LJYSKqBaQzb8kpQw+um.5","action":"ProcessGetUpdates", "result":"Done", "context":{"dataType":"Edge Hub App Usage", "deleted":"2", "process_failed_to_decrypt":"0", "process_pending_decryption":"0", "process_success":"12", "total":"12"}}
{"logTime": "0310/101348", "correlationVector":"B2+LJYSKqBaQzb8kpQw+um.6","action":"GetUpdates Response", "result":"Success", "context":Received 250 update(s). cV=B2+LJYSKqBaQzb8kpQw+um.0;server=akswtt11100000g;cloudType=Consumer;environment=Prod_japaneast_prod-s01-061-apac-japaneast;migrationStage=NotStarted Some updates remain.}
{"logTime": "0310/101348", "correlationVector":"w+xLCQkT4iA2qUEV9BhQIy","action":"Initial GetUpdates", "result":"", "context":Reason: RECONFIGURATION. cV=w+xLCQkT4iA2qUEV9BhQIy}
{"logTime": "0310/101348", "correlationVector":"w+xLCQkT4iA2qUEV9BhQIy.1","action":"SyncServerConnectionManagerRequest", "result":"SYNC_SERVER_OK", "context":{"environment":"Prod_japaneast_prod-s01-061-apac-japaneast", "migrationStage":"NotStarted", "server":"akswtt111000002"}}
{"logTime": "0310/101348", "correlationVector":"w+xLCQkT4iA2qUEV9BhQIy.2","action":"ProcessGetUpdates", "result":"Done", "context":{"dataType":"Sessions", "deleted":"100", "process_failed_to_decrypt":"0", "process_pending_decryption":"0", "process_success":"107", "total":"107"}}
{"logTime": "0310/101348", "correlationVector":"w+xLCQkT4iA2qUEV9BhQIy.3","action":"ProcessGetUpdates", "result":"Done", "context":{"dataType":"Web Apps", "deleted":"0", "process_failed_to_decrypt":"0", "process_pending_decryption":"0", "process_success":"1", "total":"1"}}
{"logTime": "0310/101348", "correlationVector":"w+xLCQkT4iA2qUEV9BhQIy.4","action":"ProcessGetUpdates", "result":"Done", "context":{"dataType":"Edge Hub App Usage", "deleted":"8", "process_failed_to_decrypt":"0", "process_pending_decryption":"0", "process_success":"8", "total":"8"}}
{"logTime": "0310/101348", "correlationVector":"w+xLCQkT4iA2qUEV9BhQIy.5","action":"GetUpdates Response", "result":"Success", "context":Received 116 update(s). cV=w+xLCQkT4iA2qUEV9BhQIy.0;server=akswtt111000002;cloudType=Consumer;environment=Prod_japaneast_prod-s01-061-apac-japaneast;migrationStage=NotStarted}
{"logTime": "0310/101348", "correlationVector":"QiQbJHMjDLPwVAL33CG0/h","action":"SyncServerConnectionManagerRequest", "result":"SYNC_SERVER_OK", "context":{"environment":"", "migrationStage":"", "server":""}}
{"logTime": "0310/101348", "correlationVector":"QiQbJHMjDLPwVAL33CG0/h.0","action":"EncryptionKeysFetcher.DownloadKeys:", "result":"Success", "context":Key count: 5, Last key timestamp: 2026-02-07T22:33:21Z}
{"logTime": "0310/101348", "correlationVector":"QiQbJHMjDLPwVAL33CG0/h.1","action":"EncryptionKeysManager::SetEncryptionKeys:", "result":"Success", "context":Key names[5]:[Pyx329vyzV8rNIC3Nk/4YyZX8Qro5xG+3jQN3nNheLvpcuwDit+YvJ3mq17s9awFjUAHcJ0l4xlOPwP5baG00g==][voS/8NVB1kmy26QzAt/UvyOpRd3Ez9vEk7o6/zKBMxOYcofb9zKGmsN5oWy6q4fqfwpcBJ4ccWlBfwKR8wvNoQ==][cyS3ox7MSUP4wYBoW4XPXdp1Gg97fbhjJFbTOxPYuejwDMR4cfZ1wp7Kyo5id1wel3rc11VZzjFeJgBx0Zpg/A==][c5YR+RK2uN50/gNrw162HBm51ugUXMyehEcxdkVrt/p5QbKob62oKhJ1fZ8gA2N1XC39KBCAsafwMu6AiHrt3A==][V8dZVu7p+zSosI+Qayioh2WXud30Ln/gNal7tC4RK5AhOcmRoxcx27JeeOqV2oYKTsJBz0HNDgFlHWCON/FjpA==]}
{"logTime": "0310/101348", "correlationVector":"QiQbJHMjDLPwVAL33CG0/h.2","action":"EncryptionKeysManager::SetEncryptionKeysWithTimestamps:", "result":"Success", "context":Key timestamps[5]:[2024-01-21T11:24:16Z][2024-08-11T06:22:36Z][2025-02-10T02:01:09Z][2025-08-11T10:14:29Z][2026-02-07T22:33:21Z]}
{"logTime": "0310/101348", "correlationVector":"ZxcT+uKhtiwa3LWuRaCZmB","action":"Initial GetUpdates", "result":"", "context":Reason: RECONFIGURATION. cV=ZxcT+uKhtiwa3LWuRaCZmB}
{"logTime": "0310/101349", "correlationVector":"ZxcT+uKhtiwa3LWuRaCZmB.1","action":"SyncServerConnectionManagerRequest", "result":"SYNC_SERVER_OK", "context":{"environment":"Prod_japaneast_prod-s01-061-apac-japaneast", "migrationStage":"NotStarted", "server":"akswtt11100002u"}}
{"logTime": "0310/101349", "correlationVector":"ZxcT+uKhtiwa3LWuRaCZmB.2","action":"ProcessGetUpdates", "result":"Done", "context":{"dataType":"History", "deleted":"0", "process_failed_to_decrypt":"0", "process_pending_decryption":"0", "process_success":"250", "total":"250"}}
{"logTime": "0310/101349", "correlationVector":"ZxcT+uKhtiwa3LWuRaCZmB.3","action":"GetUpdates Response", "result":"Success", "context":Received 250 update(s). cV=ZxcT+uKhtiwa3LWuRaCZmB.0;server=akswtt11100002u;cloudType=Consumer;environment=Prod_japaneast_prod-s01-061-apac-japaneast;migrationStage=NotStarted Some updates remain.}
{"logTime": "0310/101349", "correlationVector":"g3IGKTYRz5cdNmm9Op6N3J","action":"Initial GetUpdates", "result":"", "context":Reason: RECONFIGURATION. cV=g3IGKTYRz5cdNmm9Op6N3J}
{"logTime": "0310/101350", "correlationVector":"g3IGKTYRz5cdNmm9Op6N3J.1","action":"SyncServerConnectionManagerRequest", "result":"SYNC_SERVER_OK", "context":{"environment":"Prod_japaneast_prod-s01-061-apac-japaneast", "migrationStage":"NotStarted", "server":"akswtt111000022"}}
{"logTime": "0310/101350", "correlationVector":"g3IGKTYRz5cdNmm9Op6N3J.2","action":"ProcessGetUpdates", "result":"Done", "context":{"dataType":"History", "deleted":"0", "process_failed_to_decrypt":"0", "process_pending_decryption":"0", "process_success":"250", "total":"250"}}
{"logTime": "0310/101350", "correlationVector":"g3IGKTYRz5cdNmm9Op6N3J.3","action":"GetUpdates Response", "result":"Success", "context":Received 250 update(s). cV=g3IGKTYRz5cdNmm9Op6N3J.0;server=akswtt111000022;cloudType=Consumer;environment=Prod_japaneast_prod-s01-061-apac-japaneast;migrationStage=NotStarted Some updates remain.}
{"logTime": "0310/101350", "correlationVector":"S3241ibOrt/kCVgaHqut7U","action":"Initial GetUpdates", "result":"", "context":Reason: RECONFIGURATION. cV=S3241ibOrt/kCVgaHqut7U}
{"logTime": "0310/101350", "correlationVector":"S3241ibOrt/kCVgaHqut7U.1","action":"SyncServerConnectionManagerRequest", "result":"SYNC_SERVER_OK", "context":{"environment":"Prod_japaneast_prod-s01-061-apac-japaneast", "migrationStage":"NotStarted", "server":"akswtt11100002n"}}
{"logTime": "0310/101350", "correlationVector":"S3241ibOrt/kCVgaHqut7U.2","action":"ProcessGetUpdates", "result":"Done", "context":{"dataType":"History", "deleted":"0", "process_failed_to_decrypt":"0", "process_pending_decryption":"0", "process_success":"250", "total":"250"}}
{"logTime": "0310/101350", "correlationVector":"S3241ibOrt/kCVgaHqut7U.3","action":"GetUpdates Response", "result":"Success", "context":Received 250 update(s). cV=S3241ibOrt/kCVgaHqut7U.0;server=akswtt11100002n;cloudType=Consumer;environment=Prod_japaneast_prod-s01-061-apac-japaneast;migrationStage=NotStarted Some updates remain.}
{"logTime": "0310/101350", "correlationVector":"B3oPTtTUxu5VhwafgGQGIz","action":"Initial GetUpdates", "result":"", "context":Reason: RECONFIGURATION. cV=B3oPTtTUxu5VhwafgGQGIz}
{"logTime": "0310/101351", "correlationVector":"B3oPTtTUxu5VhwafgGQGIz.1","action":"SyncServerConnectionManagerRequest", "result":"SYNC_SERVER_OK", "context":{"environment":"Prod_japaneast_prod-s01-061-apac-japaneast", "migrationStage":"NotStarted", "server":"akswtt111000034"}}
{"logTime": "0310/101351", "correlationVector":"B3oPTtTUxu5VhwafgGQGIz.2","action":"ProcessGetUpdates", "result":"Done", "context":{"dataType":"History", "deleted":"0", "process_failed_to_decrypt":"0", "process_pending_decryption":"0", "process_success":"250", "total":"250"}}
{"logTime": "0310/101351", "correlationVector":"B3oPTtTUxu5VhwafgGQGIz.3","action":"GetUpdates Response", "result":"Success", "context":Received 250 update(s). cV=B3oPTtTUxu5VhwafgGQGIz.0;server=akswtt111000034;cloudType=Consumer;environment=Prod_japaneast_prod-s01-061-apac-japaneast;migrationStage=NotStarted Some updates remain.}
{"logTime": "0310/101351", "correlationVector":"/pivPNOq+tSOLmc38QbLW/","action":"Initial GetUpdates", "result":"", "context":Reason: RECONFIGURATION. cV=/pivPNOq+tSOLmc38QbLW/}
{"logTime": "0310/101351", "correlationVector":"/pivPNOq+tSOLmc38QbLW/.1","action":"SyncServerConnectionManagerRequest", "result":"SYNC_SERVER_OK", "context":{"environment":"Prod_japaneast_prod-s01-061-apac-japaneast", "migrationStage":"NotStarted", "server":"akswtt111000002"}}
{"logTime": "0310/101351", "correlationVector":"/pivPNOq+tSOLmc38QbLW/.2","action":"ProcessGetUpdates", "result":"Done", "context":{"dataType":"History", "deleted":"0", "process_failed_to_decrypt":"0", "process_pending_decryption":"0", "process_success":"133", "total":"133"}}
{"logTime": "0310/101351", "correlationVector":"/pivPNOq+tSOLmc38QbLW/.3","action":"GetUpdates Response", "result":"Success", "context":Received 133 update(s). cV=/pivPNOq+tSOLmc38QbLW/.0;server=akswtt111000002;cloudType=Consumer;environment=Prod_japaneast_prod-s01-061-apac-japaneast;migrationStage=NotStarted}
{"logTime": "0310/101351", "correlationVector":"+FCzQnt30EATpMkPU0CSIO","action":"Initial GetUpdates", "result":"", "context":Reason: NEWLY_SUPPORTED_DATATYPE. cV=+FCzQnt30EATpMkPU0CSIO}
{"logTime": "0310/101351", "correlationVector":"+FCzQnt30EATpMkPU0CSIO.1","action":"SyncServerConnectionManagerRequest", "result":"SYNC_SERVER_OK", "context":{"environment":"Prod_japaneast_prod-s01-061-apac-japaneast", "migrationStage":"NotStarted", "server":"akswtt11100002u"}}
{"logTime": "0310/101351", "correlationVector":"+FCzQnt30EATpMkPU0CSIO.2","action":"ProcessGetUpdates", "result":"Done", "context":{"dataType":"Passwords", "deleted":"0", "process_failed_to_decrypt":"0", "process_pending_decryption":"0", "process_success":"184", "total":"184"}}
{"logTime": "0310/101351", "correlationVector":"+FCzQnt30EATpMkPU0CSIO.3","action":"GetUpdates Response", "result":"Success", "context":Received 184 update(s). cV=+FCzQnt30EATpMkPU0CSIO.0;server=akswtt11100002u;cloudType=Consumer;environment=Prod_japaneast_prod-s01-061-apac-japaneast;migrationStage=NotStarted}
{"logTime": "0310/101351", "correlationVector":"/7yn0YFIw+Me9dxM8Qiy5g","action":"Initial GetUpdates", "result":"", "context":Reason: NEWLY_SUPPORTED_DATATYPE. cV=/7yn0YFIw+Me9dxM8Qiy5g}
{"logTime": "0310/101352", "correlationVector":"/7yn0YFIw+Me9dxM8Qiy5g","action":"SyncServerConnectionManagerRequest", "result":"CONNECTION_UNAVAILABLE", "context":{"error_type":"net_error_code", "error_value":"-3"}}
{"logTime": "0310/101401", "correlationVector":"UTlWTfu03Y9eWB0bcR7Cp6","action":"Initial GetUpdates", "result":"", "context":Reason: NEWLY_SUPPORTED_DATATYPE. cV=UTlWTfu03Y9eWB0bcR7Cp6}
{"logTime": "0310/101401", "correlationVector":"UTlWTfu03Y9eWB0bcR7Cp6.1","action":"SyncServerConnectionManagerRequest", "result":"SYNC_SERVER_OK", "context":{"environment":"Prod_japaneast_prod-s01-061-apac-japaneast", "migrationStage":"NotStarted", "server":"akswtt111000007"}}
{"logTime": "0310/101401", "correlationVector":"UTlWTfu03Y9eWB0bcR7Cp6.2","action":"ProcessGetUpdates", "result":"Done", "context":{"dataType":"Autofill Profiles", "deleted":"3", "process_failed_to_decrypt":"0", "process_pending_decryption":"0", "process_success":"8", "total":"8"}}
{"logTime": "0310/101401", "correlationVector":"UTlWTfu03Y9eWB0bcR7Cp6.3","action":"ProcessGetUpdates", "result":"Done", "context":{"dataType":"Autofill", "deleted":"0", "process_failed_to_decrypt":"0", "process_pending_decryption":"0", "process_success":"225", "total":"225"}}
{"logTime": "0310/101401", "correlationVector":"UTlWTfu03Y9eWB0bcR7Cp6.4","action":"GetUpdates Response", "result":"Success", "context":Received 233 update(s). cV=UTlWTfu03Y9eWB0bcR7Cp6.0;server=akswtt111000007;cloudType=Consumer;environment=Prod_japaneast_prod-s01-061-apac-japaneast;migrationStage=NotStarted}
{"logTime": "0310/101402", "correlationVector":"vYYotENyl7YCMxDlSJqNtX","action":"Normal GetUpdate request", "result":"", "context":cV=vYYotENyl7YCMxDlSJqNtX
Nudged types: Bookmarks, Preferences, Autofill Profiles, Sessions, Device Info
Refresh requested types: Bookmarks, Preferences, Passwords, Autofill Profiles, Autofill, Extensions, Sessions, Extension settings, History Delete Directives, Device Info, User Consents, Send Tab To Self, Web Apps, History, Saved Tab Group, WebAuthn Credentials, Collection, Edge E Drop, Edge Hub App Usage, Edge Wallet, Edge Workspace, Encryption Keys}
{"logTime": "0310/101402", "correlationVector":"vYYotENyl7YCMxDlSJqNtX.1","action":"SyncServerConnectionManagerRequest", "result":"SYNC_SERVER_OK", "context":{"environment":"Prod_japaneast_prod-s01-061-apac-japaneast", "migrationStage":"NotStarted", "server":"akswtt11100002x"}}
{"logTime": "0310/101402", "correlationVector":"vYYotENyl7YCMxDlSJqNtX.2","action":"GetUpdates Response", "result":"Success", "context":Received 0 update(s). cV=vYYotENyl7YCMxDlSJqNtX.0;server=akswtt11100002x;cloudType=Consumer;environment=Prod_japaneast_prod-s01-061-apac-japaneast;migrationStage=NotStarted}
{"logTime": "0310/101402", "correlationVector":"54h5b159OoexxIQ+1e+iaE","action":"Commit Request", "result":"", "context":Item count: 15
Contributing types: Preferences, Autofill Profiles, Autofill, Sessions, Device Info}
{"logTime": "0310/101403", "correlationVector":"54h5b159OoexxIQ+1e+iaE.1","action":"SyncServerConnectionManagerRequest", "result":"SYNC_SERVER_OK", "context":{"environment":"Prod_japaneast_prod-s01-061-apac-japaneast", "migrationStage":"NotStarted", "server":"akswtt11100000a"}}
{"logTime": "0310/101403", "correlationVector":"54h5b159OoexxIQ+1e+iaE.2","action":"Commit Response", "result":"Success", "context":Result: Success. cV=54h5b159OoexxIQ+1e+iaE.0;server=akswtt11100000a;cloudType=Consumer;environment=Prod_japaneast_prod-s01-061-apac-japaneast;migrationStage=NotStarted}
{"logTime": "0310/101403", "correlationVector":"w/a2wsOgtZQbpZp6j1I8zH","action":"Commit Request", "result":"", "context":Item count: 3
Contributing types: Bookmarks}
{"logTime": "0310/101403", "correlationVector":"w/a2wsOgtZQbpZp6j1I8zH.1","action":"SyncServerConnectionManagerRequest", "result":"SYNC_SERVER_OK", "context":{"environment":"Prod_japaneast_prod-s01-061-apac-japaneast", "migrationStage":"NotStarted", "server":"akswtt11100000j"}}
{"logTime": "0310/101403", "correlationVector":"w/a2wsOgtZQbpZp6j1I8zH.2","action":"Commit Response", "result":"Success", "context":Result: Success. cV=w/a2wsOgtZQbpZp6j1I8zH.0;server=akswtt11100000j;cloudType=Consumer;environment=Prod_japaneast_prod-s01-061-apac-japaneast;migrationStage=NotStarted}
