2026-03-10 10:31:47.489: [INFO] VisibilityChanged: 0
2026-03-10 10:31:47.549: [INFO] RecordSyncInitDuration has_sync_been_enabled: 0 state: 0
2026-03-10 10:31:47.550: [INFO] RecordSyncInitDuration has_sync_been_enabled: 0 state: 0
2026-03-10 10:31:47.550: [INFO] RecordSyncInitDuration has_sync_been_enabled: 0 state: 0
2026-03-10 10:31:47.551: [INFO] RecordSyncInitDuration has_sync_been_enabled: 0 state: 0
2026-03-10 10:31:47.552: [INFO] RecordSyncInitDuration has_sync_been_enabled: 0 state: 0
2026-03-10 10:31:47.553: [INFO] RecordSyncInitDuration has_sync_been_enabled: 0 state: 0
2026-03-10 10:31:47.554: [INFO] RecordSyncInitDuration has_sync_been_enabled: 0 state: 0
2026-03-10 10:31:47.555: [INFO] RecordSyncInitDuration has_sync_been_enabled: 0 state: 0
2026-03-10 10:31:47.556: [INFO] RecordSyncInitDuration has_sync_been_enabled: 0 state: 0
2026-03-10 10:31:47.556: [INFO] RecordSyncInitDuration has_sync_been_enabled: 0 state: 0
2026-03-10 10:31:47.557: [INFO] RecordSyncInitDuration has_sync_been_enabled: 0 state: 0
2026-03-10 10:31:47.558: [INFO] RecordSyncInitDuration has_sync_been_enabled: 0 state: 0
2026-03-10 10:31:47.572: [INFO] BookmarkModelLoaded, ids_reassigned: 0
2026-03-10 10:31:47.572: [INFO] OnDoneLoading sync enabled: 0
2026-03-10 10:31:47.616: [INFO] RecordSyncInitDuration has_sync_been_enabled: 0 state: 0
2026-03-10 10:31:48.104: [INFO] BookmarkNodeAdded, ABU: 0
2026-03-10 10:31:48.105: [INFO] BookmarkNodeAdded, ABU: 0
2026-03-10 10:31:48.105: [INFO] BookmarkNodeAdded, ABU: 0
2026-03-10 10:31:48.105: [INFO] BookmarkNodeAdded, ABU: 0
2026-03-10 10:31:48.106: [INFO] BookmarkNodeAdded, ABU: 0
2026-03-10 10:31:48.107: [INFO] BookmarkNodeAdded, ABU: 0
2026-03-10 10:31:48.107: [INFO] BookmarkNodeAdded, ABU: 0
2026-03-10 10:31:48.108: [INFO] BookmarkNodeAdded, ABU: 0
2026-03-10 10:31:48.109: [INFO] BookmarkNodeAdded, ABU: 0
2026-03-10 10:31:48.109: [INFO] BookmarkNodeAdded, ABU: 0
2026-03-10 10:31:48.109: [INFO] BookmarkNodeAdded, ABU: 0
2026-03-10 10:31:48.110: [INFO] BookmarkNodeAdded, ABU: 0
2026-03-10 10:31:48.110: [INFO] BookmarkNodeAdded, ABU: 0
2026-03-10 10:31:48.111: [INFO] BookmarkNodeAdded, ABU: 0
2026-03-10 10:31:48.112: [INFO] BookmarkNodeAdded, ABU: 0
2026-03-10 10:31:48.112: [INFO] BookmarkNodeAdded, ABU: 0
2026-03-10 10:31:48.113: [INFO] BookmarkNodeAdded, ABU: 0
2026-03-10 10:31:48.113: [INFO] BookmarkNodeAdded, ABU: 0
2026-03-10 10:31:48.114: [INFO] BookmarkNodeAdded, ABU: 0
2026-03-10 10:31:48.115: [INFO] BookmarkNodeAdded, ABU: 0
2026-03-10 10:31:48.115: [INFO] BookmarkNodeAdded, ABU: 0
2026-03-10 10:31:48.116: [INFO] BookmarkNodeAdded, ABU: 0
2026-03-10 10:31:48.117: [INFO] BookmarkNodeAdded, ABU: 0
2026-03-10 10:31:48.117: [INFO] BookmarkNodeAdded, ABU: 0
2026-03-10 10:31:48.118: [INFO] BookmarkNodeAdded, ABU: 0
2026-03-10 10:31:48.119: [INFO] BookmarkNodeAdded, ABU: 0
2026-03-10 10:31:48.119: [INFO] BookmarkNodeAdded, ABU: 0
2026-03-10 10:31:48.120: [INFO] BookmarkNodeAdded, ABU: 0
2026-03-10 10:31:48.121: [INFO] BookmarkNodeAdded, ABU: 0
2026-03-10 10:31:48.121: [INFO] BookmarkNodeAdded, ABU: 0
2026-03-10 10:31:48.122: [INFO] BookmarkNodeAdded, ABU: 0
2026-03-10 10:31:48.123: [INFO] BookmarkNodeAdded, ABU: 0
2026-03-10 10:31:48.124: [INFO] BookmarkNodeAdded, ABU: 0
2026-03-10 10:31:48.125: [INFO] BookmarkNodeAdded, ABU: 0
2026-03-10 10:31:48.125: [INFO] BookmarkNodeAdded, ABU: 0
2026-03-10 10:31:48.126: [INFO] BookmarkNodeAdded, ABU: 0
2026-03-10 10:31:48.127: [INFO] BookmarkNodeAdded, ABU: 0
2026-03-10 10:31:48.127: [INFO] BookmarkNodeAdded, ABU: 0
2026-03-10 10:31:48.128: [INFO] BookmarkNodeAdded, ABU: 0
2026-03-10 10:31:48.129: [INFO] BookmarkNodeAdded, ABU: 0
2026-03-10 10:31:48.129: [INFO] BookmarkNodeAdded, ABU: 0
2026-03-10 10:31:49.340: [INFO] RecordSyncInitDuration has_sync_been_enabled: 0 state: 3
2026-03-10 10:31:49.341: [INFO] Primary account changed.
2026-03-10 10:31:49.341: [INFO] OnPrimaryAccountChanged PrimaryAccountChangeEvent::Type::kSet
2026-03-10 10:31:49.350: [INFO] RecordSyncInitDuration has_sync_been_enabled: 0 state: 3
2026-03-10 10:31:50.474: [INFO] RecordSyncInitDuration has_sync_been_enabled: 0 state: 3
2026-03-10 10:31:50.475: [INFO] RecordSyncInitDuration has_sync_been_enabled: 0 state: 3
2026-03-10 10:31:50.476: [INFO] RecordSyncInitDuration has_sync_been_enabled: 0 state: 3
2026-03-10 10:31:50.477: [INFO] RecordSyncInitDuration has_sync_been_enabled: 0 state: 3
2026-03-10 10:31:50.478: [INFO] RecordSyncInitDuration has_sync_been_enabled: 0 state: 3
2026-03-10 10:31:50.479: [INFO] RecordSyncInitDuration has_sync_been_enabled: 0 state: 3
2026-03-10 10:31:50.481: [INFO] RecordSyncInitDuration has_sync_been_enabled: 0 state: 5
2026-03-10 10:31:50.482: [INFO] RecordSyncInitDuration has_sync_been_enabled: 0 state: 5
2026-03-10 10:31:50.823: [INFO] RecordSyncInitDuration has_sync_been_enabled: 0 state: 5
2026-03-10 10:31:50.829: [INFO] RecordSyncInitDuration has_sync_been_enabled: 0 state: 5
2026-03-10 10:31:50.954: [INFO] RecordSyncInitDuration has_sync_been_enabled: 0 state: 5
2026-03-10 10:31:50.956: [INFO] RecordSyncInitDuration has_sync_been_enabled: 0 state: 6
2026-03-10 10:31:51.066: [INFO] RecordSyncInitDuration has_sync_been_enabled: 0 state: 6
2026-03-10 10:31:51.067: [INFO] RecordSyncInitDuration has_sync_been_enabled: 0 state: 6
2026-03-10 10:31:51.068: [INFO] RecordSyncInitDuration has_sync_been_enabled: 0 state: 6
2026-03-10 10:31:51.071: [INFO] RecordSyncInitDuration has_sync_been_enabled: 0 state: 6
2026-03-10 10:31:51.327: [INFO] RecordSyncInitDuration has_sync_been_enabled: 0 state: 6
2026-03-10 10:31:51.328: [INFO] RecordSyncInitDuration has_sync_been_enabled: 0 state: 6
2026-03-10 10:31:51.530: [INFO] RecordSyncInitDuration has_sync_been_enabled: 0 state: 6
2026-03-10 10:31:53.490: [INFO] RecordSyncInitDuration has_sync_been_enabled: 0 state: 5
2026-03-10 10:31:53.491: [INFO] RecordSyncInitDuration has_sync_been_enabled: 0 state: 5
2026-03-10 10:31:53.492: [INFO] RecordSyncInitDuration has_sync_been_enabled: 0 state: 5
2026-03-10 10:31:53.493: [INFO] RecordSyncInitDuration has_sync_been_enabled: 0 state: 5
2026-03-10 10:31:53.581: [INFO] BookmarkNodeAdded, ABU: 0
2026-03-10 10:31:53.582: [INFO] BookmarkNodeAdded, ABU: 0
2026-03-10 10:31:53.583: [INFO] BookmarkNodeAdded, ABU: 0
2026-03-10 10:31:53.583: [INFO] BookmarkNodeAdded, ABU: 0
2026-03-10 10:31:53.584: [INFO] BookmarkNodeAdded, ABU: 0
2026-03-10 10:31:53.585: [INFO] BookmarkNodeAdded, ABU: 0
2026-03-10 10:31:53.586: [INFO] BookmarkNodeAdded, ABU: 0
2026-03-10 10:31:53.587: [INFO] BookmarkNodeAdded, ABU: 0
2026-03-10 10:31:53.587: [INFO] BookmarkNodeAdded, ABU: 0
2026-03-10 10:31:53.588: [INFO] BookmarkNodeAdded, ABU: 0
2026-03-10 10:31:53.589: [INFO] BookmarkNodeAdded, ABU: 0
2026-03-10 10:31:53.590: [INFO] BookmarkNodeAdded, ABU: 0
2026-03-10 10:31:53.590: [INFO] BookmarkNodeAdded, ABU: 0
2026-03-10 10:31:53.590: [INFO] BookmarkNodeAdded, ABU: 0
2026-03-10 10:31:53.591: [INFO] BookmarkNodeAdded, ABU: 0
2026-03-10 10:31:53.592: [INFO] BookmarkNodeAdded, ABU: 0
2026-03-10 10:31:53.593: [INFO] BookmarkNodeAdded, ABU: 0
2026-03-10 10:31:53.593: [INFO] BookmarkNodeAdded, ABU: 0
2026-03-10 10:31:53.594: [INFO] BookmarkNodeAdded, ABU: 0
2026-03-10 10:31:53.595: [INFO] BookmarkNodeAdded, ABU: 0
2026-03-10 10:31:53.596: [INFO] BookmarkNodeAdded, ABU: 0
2026-03-10 10:31:53.596: [INFO] BookmarkNodeAdded, ABU: 0
2026-03-10 10:31:53.597: [INFO] BookmarkNodeAdded, ABU: 0
2026-03-10 10:31:53.598: [INFO] BookmarkNodeAdded, ABU: 0
2026-03-10 10:31:53.598: [INFO] BookmarkNodeAdded, ABU: 0
2026-03-10 10:31:53.599: [INFO] BookmarkNodeAdded, ABU: 0
2026-03-10 10:31:53.600: [INFO] BookmarkNodeAdded, ABU: 0
2026-03-10 10:31:53.601: [INFO] BookmarkNodeAdded, ABU: 0
2026-03-10 10:31:53.601: [INFO] BookmarkNodeAdded, ABU: 0
2026-03-10 10:31:53.602: [INFO] BookmarkNodeAdded, ABU: 0
2026-03-10 10:31:53.603: [INFO] BookmarkNodeAdded, ABU: 0
2026-03-10 10:31:53.603: [INFO] BookmarkNodeAdded, ABU: 0
2026-03-10 10:31:53.604: [INFO] BookmarkNodeAdded, ABU: 0
2026-03-10 10:31:53.604: [INFO] BookmarkNodeAdded, ABU: 0
2026-03-10 10:31:53.605: [INFO] BookmarkNodeAdded, ABU: 0
2026-03-10 10:31:53.606: [INFO] BookmarkNodeAdded, ABU: 0
2026-03-10 10:31:53.606: [INFO] BookmarkNodeAdded, ABU: 0
2026-03-10 10:31:53.607: [INFO] BookmarkNodeAdded, ABU: 0
2026-03-10 10:31:53.608: [INFO] BookmarkNodeAdded, ABU: 0
2026-03-10 10:31:53.608: [INFO] BookmarkNodeAdded, ABU: 0
2026-03-10 10:31:53.609: [INFO] BookmarkNodeAdded, ABU: 0
2026-03-10 10:31:53.610: [INFO] BookmarkNodeAdded, ABU: 0
2026-03-10 10:31:53.610: [INFO] BookmarkNodeAdded, ABU: 0
2026-03-10 10:31:53.611: [INFO] BookmarkNodeAdded, ABU: 0
2026-03-10 10:31:53.612: [INFO] BookmarkNodeAdded, ABU: 0
2026-03-10 10:31:53.613: [INFO] BookmarkNodeAdded, ABU: 0
2026-03-10 10:31:53.613: [INFO] BookmarkNodeAdded, ABU: 0
2026-03-10 10:31:53.614: [INFO] BookmarkNodeAdded, ABU: 0
2026-03-10 10:31:53.615: [INFO] BookmarkNodeAdded, ABU: 0
2026-03-10 10:31:53.615: [INFO] BookmarkNodeAdded, ABU: 0
2026-03-10 10:31:53.616: [INFO] BookmarkNodeAdded, ABU: 0
2026-03-10 10:31:53.617: [INFO] BookmarkNodeAdded, ABU: 0
2026-03-10 10:31:53.618: [INFO] BookmarkNodeAdded, ABU: 0
2026-03-10 10:31:54.140: [INFO] BookmarkNodeAdded, ABU: 0
2026-03-10 10:31:54.140: [INFO] BookmarkNodeMoved
2026-03-10 10:31:54.140: [INFO] BookmarkNodeMoved
2026-03-10 10:31:54.140: [INFO] BookmarkNodeMoved
2026-03-10 10:31:54.140: [INFO] BookmarkNodeMoved
2026-03-10 10:31:54.140: [INFO] BookmarkNodeMoved
2026-03-10 10:31:54.140: [INFO] BookmarkNodeMoved
2026-03-10 10:31:54.140: [INFO] BookmarkNodeMoved
2026-03-10 10:31:54.140: [INFO] ReorderChildren, Url: 0, IsFolder: 1, IsWorkspace: 0
2026-03-10 10:31:54.140: [INFO] Remove, DeletionOrigin: 19
2026-03-10 10:31:54.140: [INFO] BookmarkNodeRemoved, Url: 0, IsFolder: 1, IsWorkspace: 0
2026-03-10 10:31:54.141: [INFO] BookmarkNodeAdded, ABU: 0
2026-03-10 10:31:54.141: [INFO] Remove, DeletionOrigin: 19
2026-03-10 10:31:54.141: [INFO] BookmarkNodeRemoved, Url: 1, IsFolder: 0, IsWorkspace: 0
2026-03-10 10:31:54.142: [INFO] BookmarkNodeAdded, ABU: 0
2026-03-10 10:31:54.142: [INFO] Remove, DeletionOrigin: 19
2026-03-10 10:31:54.142: [INFO] BookmarkNodeRemoved, Url: 1, IsFolder: 0, IsWorkspace: 0
2026-03-10 10:31:54.143: [INFO] BookmarkNodeAdded, ABU: 0
2026-03-10 10:31:54.143: [INFO] Remove, DeletionOrigin: 19
2026-03-10 10:31:54.143: [INFO] BookmarkNodeRemoved, Url: 1, IsFolder: 0, IsWorkspace: 0
2026-03-10 10:31:54.144: [INFO] BookmarkNodeAdded, ABU: 0
2026-03-10 10:31:54.144: [INFO] Remove, DeletionOrigin: 19
2026-03-10 10:31:54.144: [INFO] BookmarkNodeRemoved, Url: 1, IsFolder: 0, IsWorkspace: 0
2026-03-10 10:31:54.144: [INFO] BookmarkNodeAdded, ABU: 0
2026-03-10 10:31:54.144: [INFO] Remove, DeletionOrigin: 19
2026-03-10 10:31:54.144: [INFO] BookmarkNodeRemoved, Url: 1, IsFolder: 0, IsWorkspace: 0
2026-03-10 10:31:54.145: [INFO] BookmarkNodeAdded, ABU: 0
2026-03-10 10:31:54.145: [INFO] Remove, DeletionOrigin: 19
2026-03-10 10:31:54.145: [INFO] BookmarkNodeRemoved, Url: 1, IsFolder: 0, IsWorkspace: 0
2026-03-10 10:31:54.146: [INFO] BookmarkNodeAdded, ABU: 0
2026-03-10 10:31:54.146: [INFO] Remove, DeletionOrigin: 19
2026-03-10 10:31:54.146: [INFO] BookmarkNodeRemoved, Url: 1, IsFolder: 0, IsWorkspace: 0
2026-03-10 10:31:54.146: [INFO] BookmarkNodeAdded, ABU: 0
2026-03-10 10:31:54.146: [INFO] BookmarkNodeMoved
2026-03-10 10:31:54.146: [INFO] BookmarkNodeMoved
2026-03-10 10:31:54.146: [INFO] BookmarkNodeMoved
2026-03-10 10:31:54.146: [INFO] BookmarkNodeMoved
2026-03-10 10:31:54.146: [INFO] BookmarkNodeMoved
2026-03-10 10:31:54.146: [INFO] BookmarkNodeMoved
2026-03-10 10:31:54.146: [INFO] BookmarkNodeMoved
2026-03-10 10:31:54.146: [INFO] BookmarkNodeMoved
2026-03-10 10:31:54.146: [INFO] BookmarkNodeMoved
2026-03-10 10:31:54.146: [INFO] BookmarkNodeMoved
2026-03-10 10:31:54.146: [INFO] BookmarkNodeMoved
2026-03-10 10:31:54.146: [INFO] BookmarkNodeMoved
2026-03-10 10:31:54.146: [INFO] ReorderChildren, Url: 0, IsFolder: 1, IsWorkspace: 0
2026-03-10 10:31:54.146: [INFO] Remove, DeletionOrigin: 19
2026-03-10 10:31:54.146: [INFO] BookmarkNodeRemoved, Url: 0, IsFolder: 1, IsWorkspace: 0
2026-03-10 10:31:54.147: [INFO] BookmarkNodeAdded, ABU: 0
2026-03-10 10:31:54.147: [INFO] Remove, DeletionOrigin: 19
2026-03-10 10:31:54.147: [INFO] BookmarkNodeRemoved, Url: 1, IsFolder: 0, IsWorkspace: 0
2026-03-10 10:31:54.148: [INFO] BookmarkNodeAdded, ABU: 0
2026-03-10 10:31:54.148: [INFO] Remove, DeletionOrigin: 19
2026-03-10 10:31:54.148: [INFO] BookmarkNodeRemoved, Url: 1, IsFolder: 0, IsWorkspace: 0
2026-03-10 10:31:54.149: [INFO] BookmarkNodeAdded, ABU: 0
2026-03-10 10:31:54.149: [INFO] Remove, DeletionOrigin: 19
2026-03-10 10:31:54.149: [INFO] BookmarkNodeRemoved, Url: 1, IsFolder: 0, IsWorkspace: 0
2026-03-10 10:31:54.150: [INFO] BookmarkNodeAdded, ABU: 0
2026-03-10 10:31:54.150: [INFO] Remove, DeletionOrigin: 19
2026-03-10 10:31:54.150: [INFO] BookmarkNodeRemoved, Url: 1, IsFolder: 0, IsWorkspace: 0
2026-03-10 10:31:54.150: [INFO] BookmarkNodeAdded, ABU: 0
2026-03-10 10:31:54.150: [INFO] Remove, DeletionOrigin: 19
2026-03-10 10:31:54.151: [INFO] BookmarkNodeRemoved, Url: 1, IsFolder: 0, IsWorkspace: 0
2026-03-10 10:31:54.151: [INFO] BookmarkNodeAdded, ABU: 0
2026-03-10 10:31:54.151: [INFO] Remove, DeletionOrigin: 19
2026-03-10 10:31:54.151: [INFO] BookmarkNodeRemoved, Url: 1, IsFolder: 0, IsWorkspace: 0
2026-03-10 10:31:54.152: [INFO] BookmarkNodeAdded, ABU: 0
2026-03-10 10:31:54.152: [INFO] Remove, DeletionOrigin: 19
2026-03-10 10:31:54.152: [INFO] BookmarkNodeRemoved, Url: 1, IsFolder: 0, IsWorkspace: 0
2026-03-10 10:31:54.153: [INFO] BookmarkNodeAdded, ABU: 0
2026-03-10 10:31:54.153: [INFO] Remove, DeletionOrigin: 19
2026-03-10 10:31:54.153: [INFO] BookmarkNodeRemoved, Url: 1, IsFolder: 0, IsWorkspace: 0
2026-03-10 10:31:54.153: [INFO] BookmarkNodeAdded, ABU: 0
2026-03-10 10:31:54.153: [INFO] Remove, DeletionOrigin: 19
2026-03-10 10:31:54.153: [INFO] BookmarkNodeRemoved, Url: 1, IsFolder: 0, IsWorkspace: 0
2026-03-10 10:31:54.154: [INFO] BookmarkNodeAdded, ABU: 0
2026-03-10 10:31:54.154: [INFO] Remove, DeletionOrigin: 19
2026-03-10 10:31:54.154: [INFO] BookmarkNodeRemoved, Url: 1, IsFolder: 0, IsWorkspace: 0
2026-03-10 10:31:54.155: [INFO] BookmarkNodeAdded, ABU: 0
2026-03-10 10:31:54.155: [INFO] Remove, DeletionOrigin: 19
2026-03-10 10:31:54.155: [INFO] BookmarkNodeRemoved, Url: 1, IsFolder: 0, IsWorkspace: 0
2026-03-10 10:31:54.156: [INFO] BookmarkNodeAdded, ABU: 0
2026-03-10 10:31:54.156: [INFO] Remove, DeletionOrigin: 19
2026-03-10 10:31:54.156: [INFO] BookmarkNodeRemoved, Url: 1, IsFolder: 0, IsWorkspace: 0
2026-03-10 10:31:54.157: [INFO] BookmarkNodeAdded, ABU: 0
2026-03-10 10:31:54.157: [INFO] Remove, DeletionOrigin: 19
2026-03-10 10:31:54.157: [INFO] BookmarkNodeRemoved, Url: 1, IsFolder: 0, IsWorkspace: 0
2026-03-10 10:31:54.157: [INFO] BookmarkNodeAdded, ABU: 0
2026-03-10 10:31:54.157: [INFO] Remove, DeletionOrigin: 19
2026-03-10 10:31:54.157: [INFO] BookmarkNodeRemoved, Url: 1, IsFolder: 0, IsWorkspace: 0
2026-03-10 10:31:54.158: [INFO] BookmarkNodeAdded, ABU: 0
2026-03-10 10:31:54.158: [INFO] Remove, DeletionOrigin: 19
2026-03-10 10:31:54.158: [INFO] BookmarkNodeRemoved, Url: 1, IsFolder: 0, IsWorkspace: 0
2026-03-10 10:31:54.159: [INFO] BookmarkNodeAdded, ABU: 0
2026-03-10 10:31:54.159: [INFO] Remove, DeletionOrigin: 19
2026-03-10 10:31:54.159: [INFO] BookmarkNodeRemoved, Url: 1, IsFolder: 0, IsWorkspace: 0
2026-03-10 10:31:54.160: [INFO] BookmarkNodeAdded, ABU: 0
2026-03-10 10:31:54.160: [INFO] Remove, DeletionOrigin: 19
2026-03-10 10:31:54.160: [INFO] BookmarkNodeRemoved, Url: 1, IsFolder: 0, IsWorkspace: 0
2026-03-10 10:31:54.160: [INFO] BookmarkNodeAdded, ABU: 0
2026-03-10 10:31:54.160: [INFO] Remove, DeletionOrigin: 19
2026-03-10 10:31:54.161: [INFO] BookmarkNodeRemoved, Url: 1, IsFolder: 0, IsWorkspace: 0
2026-03-10 10:31:54.161: [INFO] BookmarkNodeAdded, ABU: 0
2026-03-10 10:31:54.161: [INFO] Remove, DeletionOrigin: 19
2026-03-10 10:31:54.161: [INFO] BookmarkNodeRemoved, Url: 1, IsFolder: 0, IsWorkspace: 0
2026-03-10 10:31:54.162: [INFO] BookmarkNodeAdded, ABU: 0
2026-03-10 10:31:54.162: [INFO] Remove, DeletionOrigin: 19
2026-03-10 10:31:54.162: [INFO] BookmarkNodeRemoved, Url: 1, IsFolder: 0, IsWorkspace: 0
2026-03-10 10:31:54.163: [INFO] BookmarkNodeAdded, ABU: 0
2026-03-10 10:31:54.163: [INFO] Remove, DeletionOrigin: 19
2026-03-10 10:31:54.163: [INFO] BookmarkNodeRemoved, Url: 1, IsFolder: 0, IsWorkspace: 0
2026-03-10 10:31:54.163: [INFO] BookmarkNodeAdded, ABU: 0
2026-03-10 10:31:54.163: [INFO] Remove, DeletionOrigin: 19
2026-03-10 10:31:54.164: [INFO] BookmarkNodeRemoved, Url: 1, IsFolder: 0, IsWorkspace: 0
2026-03-10 10:31:54.164: [INFO] BookmarkNodeAdded, ABU: 0
2026-03-10 10:31:54.164: [INFO] Remove, DeletionOrigin: 19
2026-03-10 10:31:54.164: [INFO] BookmarkNodeRemoved, Url: 1, IsFolder: 0, IsWorkspace: 0
2026-03-10 10:31:54.165: [INFO] BookmarkNodeAdded, ABU: 0
2026-03-10 10:31:54.165: [INFO] Remove, DeletionOrigin: 19
2026-03-10 10:31:54.165: [INFO] BookmarkNodeRemoved, Url: 1, IsFolder: 0, IsWorkspace: 0
2026-03-10 10:31:54.166: [INFO] BookmarkNodeAdded, ABU: 0
2026-03-10 10:31:54.166: [INFO] Remove, DeletionOrigin: 19
2026-03-10 10:31:54.166: [INFO] BookmarkNodeRemoved, Url: 1, IsFolder: 0, IsWorkspace: 0
2026-03-10 10:31:54.167: [INFO] BookmarkNodeAdded, ABU: 0
2026-03-10 10:31:54.167: [INFO] Remove, DeletionOrigin: 19
2026-03-10 10:31:54.167: [INFO] BookmarkNodeRemoved, Url: 1, IsFolder: 0, IsWorkspace: 0
2026-03-10 10:31:54.167: [INFO] BookmarkNodeAdded, ABU: 0
2026-03-10 10:31:54.167: [INFO] Remove, DeletionOrigin: 19
2026-03-10 10:31:54.167: [INFO] BookmarkNodeRemoved, Url: 1, IsFolder: 0, IsWorkspace: 0
2026-03-10 10:31:54.168: [INFO] BookmarkNodeAdded, ABU: 0
2026-03-10 10:31:54.168: [INFO] Remove, DeletionOrigin: 19
2026-03-10 10:31:54.168: [INFO] BookmarkNodeRemoved, Url: 1, IsFolder: 0, IsWorkspace: 0
2026-03-10 10:31:54.169: [INFO] BookmarkNodeAdded, ABU: 0
2026-03-10 10:31:54.169: [INFO] Remove, DeletionOrigin: 19
2026-03-10 10:31:54.169: [INFO] BookmarkNodeRemoved, Url: 1, IsFolder: 0, IsWorkspace: 0
2026-03-10 10:31:54.170: [INFO] BookmarkNodeAdded, ABU: 0
2026-03-10 10:31:54.170: [INFO] Remove, DeletionOrigin: 19
2026-03-10 10:31:54.170: [INFO] BookmarkNodeRemoved, Url: 1, IsFolder: 0, IsWorkspace: 0
2026-03-10 10:31:54.170: [INFO] BookmarkNodeAdded, ABU: 0
2026-03-10 10:31:54.170: [INFO] Remove, DeletionOrigin: 19
2026-03-10 10:31:54.171: [INFO] BookmarkNodeRemoved, Url: 1, IsFolder: 0, IsWorkspace: 0
2026-03-10 10:31:54.172: [INFO] BookmarkNodeAdded, ABU: 0
2026-03-10 10:31:54.172: [INFO] Remove, DeletionOrigin: 19
2026-03-10 10:31:54.172: [INFO] BookmarkNodeRemoved, Url: 1, IsFolder: 0, IsWorkspace: 0
2026-03-10 10:31:54.173: [INFO] BookmarkNodeAdded, ABU: 0
2026-03-10 10:31:54.173: [INFO] BookmarkNodeAdded, ABU: 0
2026-03-10 10:31:54.173: [INFO] BookmarkNodeMoved
2026-03-10 10:31:54.173: [INFO] BookmarkNodeMoved
2026-03-10 10:31:54.173: [INFO] BookmarkNodeMoved
2026-03-10 10:31:54.173: [INFO] BookmarkNodeMoved
2026-03-10 10:31:54.173: [INFO] BookmarkNodeMoved
2026-03-10 10:31:54.173: [INFO] BookmarkNodeMoved
2026-03-10 10:31:54.173: [INFO] BookmarkNodeMoved
2026-03-10 10:31:54.173: [INFO] BookmarkNodeMoved
2026-03-10 10:31:54.173: [INFO] BookmarkNodeMoved
2026-03-10 10:31:54.173: [INFO] ReorderChildren, Url: 0, IsFolder: 1, IsWorkspace: 0
2026-03-10 10:31:54.173: [INFO] Remove, DeletionOrigin: 19
2026-03-10 10:31:54.173: [INFO] BookmarkNodeRemoved, Url: 0, IsFolder: 1, IsWorkspace: 0
2026-03-10 10:31:54.174: [INFO] BookmarkNodeAdded, ABU: 0
2026-03-10 10:31:54.174: [INFO] Remove, DeletionOrigin: 19
2026-03-10 10:31:54.174: [INFO] BookmarkNodeRemoved, Url: 1, IsFolder: 0, IsWorkspace: 0
2026-03-10 10:31:54.174: [INFO] BookmarkNodeAdded, ABU: 0
2026-03-10 10:31:54.175: [INFO] Remove, DeletionOrigin: 19
2026-03-10 10:31:54.175: [INFO] BookmarkNodeRemoved, Url: 1, IsFolder: 0, IsWorkspace: 0
2026-03-10 10:31:54.175: [INFO] BookmarkNodeAdded, ABU: 0
2026-03-10 10:31:54.175: [INFO] Remove, DeletionOrigin: 19
2026-03-10 10:31:54.175: [INFO] BookmarkNodeRemoved, Url: 1, IsFolder: 0, IsWorkspace: 0
2026-03-10 10:31:54.176: [INFO] BookmarkNodeAdded, ABU: 0
2026-03-10 10:31:54.176: [INFO] Remove, DeletionOrigin: 19
2026-03-10 10:31:54.176: [INFO] BookmarkNodeRemoved, Url: 1, IsFolder: 0, IsWorkspace: 0
2026-03-10 10:31:54.177: [INFO] BookmarkNodeAdded, ABU: 0
2026-03-10 10:31:54.177: [INFO] Remove, DeletionOrigin: 19
2026-03-10 10:31:54.177: [INFO] BookmarkNodeRemoved, Url: 1, IsFolder: 0, IsWorkspace: 0
2026-03-10 10:31:54.178: [INFO] BookmarkNodeAdded, ABU: 0
2026-03-10 10:31:54.178: [INFO] Remove, DeletionOrigin: 19
2026-03-10 10:31:54.178: [INFO] BookmarkNodeRemoved, Url: 1, IsFolder: 0, IsWorkspace: 0
2026-03-10 10:31:54.179: [INFO] BookmarkNodeAdded, ABU: 0
2026-03-10 10:31:54.179: [INFO] Remove, DeletionOrigin: 19
2026-03-10 10:31:54.179: [INFO] BookmarkNodeRemoved, Url: 1, IsFolder: 0, IsWorkspace: 0
2026-03-10 10:31:54.179: [INFO] BookmarkNodeAdded, ABU: 0
2026-03-10 10:31:54.179: [INFO] Remove, DeletionOrigin: 19
2026-03-10 10:31:54.180: [INFO] BookmarkNodeRemoved, Url: 1, IsFolder: 0, IsWorkspace: 0
2026-03-10 10:31:54.180: [INFO] BookmarkNodeAdded, ABU: 0
2026-03-10 10:31:54.180: [INFO] Remove, DeletionOrigin: 19
2026-03-10 10:31:54.180: [INFO] BookmarkNodeRemoved, Url: 1, IsFolder: 0, IsWorkspace: 0
2026-03-10 10:31:54.181: [INFO] BookmarkNodeAdded, ABU: 0
2026-03-10 10:31:54.181: [INFO] Remove, DeletionOrigin: 19
2026-03-10 10:31:54.181: [INFO] BookmarkNodeRemoved, Url: 1, IsFolder: 0, IsWorkspace: 0
2026-03-10 10:31:54.182: [INFO] BookmarkNodeAdded, ABU: 0
2026-03-10 10:31:54.182: [INFO] Remove, DeletionOrigin: 19
2026-03-10 10:31:54.183: [INFO] BookmarkNodeRemoved, Url: 1, IsFolder: 0, IsWorkspace: 0
2026-03-10 10:31:54.183: [INFO] BookmarkNodeAdded, ABU: 0
2026-03-10 10:31:54.183: [INFO] BookmarkNodeMoved
2026-03-10 10:31:54.183: [INFO] BookmarkNodeMoved
2026-03-10 10:31:54.183: [INFO] BookmarkNodeMoved
2026-03-10 10:31:54.183: [INFO] BookmarkNodeMoved
2026-03-10 10:31:54.183: [INFO] BookmarkNodeMoved
2026-03-10 10:31:54.183: [INFO] BookmarkNodeMoved
2026-03-10 10:31:54.183: [INFO] BookmarkNodeMoved
2026-03-10 10:31:54.183: [INFO] BookmarkNodeMoved
2026-03-10 10:31:54.183: [INFO] BookmarkNodeMoved
2026-03-10 10:31:54.183: [INFO] BookmarkNodeMoved
2026-03-10 10:31:54.183: [INFO] BookmarkNodeMoved
2026-03-10 10:31:54.183: [INFO] BookmarkNodeMoved
2026-03-10 10:31:54.183: [INFO] BookmarkNodeMoved
2026-03-10 10:31:54.183: [INFO] BookmarkNodeMoved
2026-03-10 10:31:54.183: [INFO] ReorderChildren, Url: 0, IsFolder: 1, IsWorkspace: 0
2026-03-10 10:31:54.183: [INFO] Remove, DeletionOrigin: 19
2026-03-10 10:31:54.183: [INFO] BookmarkNodeRemoved, Url: 0, IsFolder: 1, IsWorkspace: 0
2026-03-10 10:31:54.184: [INFO] BookmarkNodeAdded, ABU: 0
2026-03-10 10:31:54.184: [INFO] Remove, DeletionOrigin: 19
2026-03-10 10:31:54.184: [INFO] BookmarkNodeRemoved, Url: 1, IsFolder: 0, IsWorkspace: 0
2026-03-10 10:31:54.184: [INFO] BookmarkNodeMoved
2026-03-10 10:31:54.185: [INFO] BookmarkNodeAdded, ABU: 0
2026-03-10 10:31:54.185: [INFO] Remove, DeletionOrigin: 19
2026-03-10 10:31:54.185: [INFO] BookmarkNodeRemoved, Url: 1, IsFolder: 0, IsWorkspace: 0
2026-03-10 10:31:54.185: [INFO] BookmarkNodeMoved
2026-03-10 10:31:54.186: [INFO] BookmarkNodeAdded, ABU: 0
2026-03-10 10:31:54.186: [INFO] Remove, DeletionOrigin: 19
2026-03-10 10:31:54.186: [INFO] BookmarkNodeRemoved, Url: 1, IsFolder: 0, IsWorkspace: 0
2026-03-10 10:31:54.186: [INFO] BookmarkNodeMoved
2026-03-10 10:31:54.187: [INFO] BookmarkNodeAdded, ABU: 0
2026-03-10 10:31:54.187: [INFO] Remove, DeletionOrigin: 19
2026-03-10 10:31:54.187: [INFO] BookmarkNodeRemoved, Url: 1, IsFolder: 0, IsWorkspace: 0
2026-03-10 10:31:54.187: [INFO] BookmarkNodeMoved
2026-03-10 10:31:54.187: [INFO] BookmarkNodeAdded, ABU: 0
2026-03-10 10:31:54.187: [INFO] Remove, DeletionOrigin: 19
2026-03-10 10:31:54.187: [INFO] BookmarkNodeRemoved, Url: 1, IsFolder: 0, IsWorkspace: 0
2026-03-10 10:31:54.188: [INFO] BookmarkNodeMoved
2026-03-10 10:31:54.188: [INFO] BookmarkNodeAdded, ABU: 0
2026-03-10 10:31:54.188: [INFO] Remove, DeletionOrigin: 19
2026-03-10 10:31:54.188: [INFO] BookmarkNodeRemoved, Url: 1, IsFolder: 0, IsWorkspace: 0
2026-03-10 10:31:54.188: [INFO] BookmarkNodeMoved
2026-03-10 10:31:54.189: [INFO] BookmarkNodeAdded, ABU: 0
2026-03-10 10:31:54.189: [INFO] Remove, DeletionOrigin: 19
2026-03-10 10:31:54.189: [INFO] BookmarkNodeRemoved, Url: 1, IsFolder: 0, IsWorkspace: 0
2026-03-10 10:31:54.189: [INFO] BookmarkNodeMoved
2026-03-10 10:31:54.190: [INFO] BookmarkNodeAdded, ABU: 0
2026-03-10 10:31:54.190: [INFO] Remove, DeletionOrigin: 19
2026-03-10 10:31:54.190: [INFO] BookmarkNodeRemoved, Url: 1, IsFolder: 0, IsWorkspace: 0
2026-03-10 10:31:54.190: [INFO] BookmarkNodeMoved
2026-03-10 10:31:54.191: [INFO] BookmarkNodeAdded, ABU: 0
2026-03-10 10:31:54.191: [INFO] Remove, DeletionOrigin: 19
2026-03-10 10:31:54.191: [INFO] BookmarkNodeRemoved, Url: 1, IsFolder: 0, IsWorkspace: 0
2026-03-10 10:31:54.191: [INFO] BookmarkNodeMoved
2026-03-10 10:31:54.192: [INFO] BookmarkNodeAdded, ABU: 0
2026-03-10 10:31:54.192: [INFO] Remove, DeletionOrigin: 19
2026-03-10 10:31:54.192: [INFO] BookmarkNodeRemoved, Url: 1, IsFolder: 0, IsWorkspace: 0
2026-03-10 10:31:54.192: [INFO] BookmarkNodeMoved
2026-03-10 10:31:54.192: [INFO] BookmarkNodeAdded, ABU: 0
2026-03-10 10:31:54.192: [INFO] Remove, DeletionOrigin: 19
2026-03-10 10:31:54.193: [INFO] BookmarkNodeRemoved, Url: 1, IsFolder: 0, IsWorkspace: 0
2026-03-10 10:31:54.193: [INFO] BookmarkNodeMoved
2026-03-10 10:31:54.193: [INFO] BookmarkNodeAdded, ABU: 0
2026-03-10 10:31:54.193: [INFO] Remove, DeletionOrigin: 19
2026-03-10 10:31:54.193: [INFO] BookmarkNodeRemoved, Url: 1, IsFolder: 0, IsWorkspace: 0
2026-03-10 10:31:54.193: [INFO] BookmarkNodeMoved
2026-03-10 10:31:54.194: [INFO] BookmarkNodeAdded, ABU: 0
2026-03-10 10:31:54.194: [INFO] Remove, DeletionOrigin: 19
2026-03-10 10:31:54.194: [INFO] BookmarkNodeRemoved, Url: 1, IsFolder: 0, IsWorkspace: 0
2026-03-10 10:31:54.195: [INFO] BookmarkNodeAdded, ABU: 0
2026-03-10 10:31:54.195: [INFO] Remove, DeletionOrigin: 19
2026-03-10 10:31:54.195: [INFO] BookmarkNodeRemoved, Url: 1, IsFolder: 0, IsWorkspace: 0
2026-03-10 10:31:54.196: [INFO] BookmarkNodeAdded, ABU: 0
2026-03-10 10:31:54.196: [INFO] Remove, DeletionOrigin: 19
2026-03-10 10:31:54.196: [INFO] BookmarkNodeRemoved, Url: 1, IsFolder: 0, IsWorkspace: 0
2026-03-10 10:31:54.197: [INFO] BookmarkNodeAdded, ABU: 0
2026-03-10 10:31:54.197: [INFO] Remove, DeletionOrigin: 19
2026-03-10 10:31:54.197: [INFO] BookmarkNodeRemoved, Url: 1, IsFolder: 0, IsWorkspace: 0
2026-03-10 10:31:54.198: [INFO] BookmarkNodeAdded, ABU: 0
2026-03-10 10:31:54.198: [INFO] Remove, DeletionOrigin: 19
2026-03-10 10:31:54.198: [INFO] BookmarkNodeRemoved, Url: 1, IsFolder: 0, IsWorkspace: 0
2026-03-10 10:31:54.199: [INFO] BookmarkNodeAdded, ABU: 0
2026-03-10 10:31:54.199: [INFO] Remove, DeletionOrigin: 19
2026-03-10 10:31:54.199: [INFO] BookmarkNodeRemoved, Url: 1, IsFolder: 0, IsWorkspace: 0
2026-03-10 10:31:54.200: [INFO] BookmarkNodeAdded, ABU: 0
2026-03-10 10:31:54.200: [INFO] Remove, DeletionOrigin: 19
2026-03-10 10:31:54.200: [INFO] BookmarkNodeRemoved, Url: 1, IsFolder: 0, IsWorkspace: 0
2026-03-10 10:31:54.200: [INFO] BookmarkNodeAdded, ABU: 0
2026-03-10 10:31:54.200: [INFO] BookmarkNodeMoved
2026-03-10 10:31:54.200: [INFO] BookmarkNodeMoved
2026-03-10 10:31:54.200: [INFO] BookmarkNodeMoved
2026-03-10 10:31:54.200: [INFO] BookmarkNodeMoved
2026-03-10 10:31:54.200: [INFO] BookmarkNodeMoved
2026-03-10 10:31:54.200: [INFO] BookmarkNodeMoved
2026-03-10 10:31:54.200: [INFO] BookmarkNodeMoved
2026-03-10 10:31:54.200: [INFO] BookmarkNodeMoved
2026-03-10 10:31:54.200: [INFO] BookmarkNodeMoved
2026-03-10 10:31:54.200: [INFO] BookmarkNodeMoved
2026-03-10 10:31:54.200: [INFO] BookmarkNodeMoved
2026-03-10 10:31:54.200: [INFO] BookmarkNodeMoved
2026-03-10 10:31:54.200: [INFO] BookmarkNodeMoved
2026-03-10 10:31:54.200: [INFO] ReorderChildren, Url: 0, IsFolder: 1, IsWorkspace: 0
2026-03-10 10:31:54.200: [INFO] Remove, DeletionOrigin: 19
2026-03-10 10:31:54.200: [INFO] BookmarkNodeRemoved, Url: 0, IsFolder: 1, IsWorkspace: 0
2026-03-10 10:31:54.201: [INFO] BookmarkNodeAdded, ABU: 0
2026-03-10 10:31:54.201: [INFO] Remove, DeletionOrigin: 19
2026-03-10 10:31:54.201: [INFO] BookmarkNodeRemoved, Url: 1, IsFolder: 0, IsWorkspace: 0
2026-03-10 10:31:54.202: [INFO] BookmarkNodeAdded, ABU: 0
2026-03-10 10:31:54.203: [INFO] BookmarkNodeAdded, ABU: 0
2026-03-10 10:31:54.203: [INFO] Remove, DeletionOrigin: 19
2026-03-10 10:31:54.203: [INFO] BookmarkNodeRemoved, Url: 1, IsFolder: 0, IsWorkspace: 0
2026-03-10 10:31:54.203: [INFO] BookmarkNodeAdded, ABU: 0
2026-03-10 10:31:54.203: [INFO] Remove, DeletionOrigin: 19
2026-03-10 10:31:54.203: [INFO] BookmarkNodeRemoved, Url: 1, IsFolder: 0, IsWorkspace: 0
2026-03-10 10:31:54.204: [INFO] BookmarkNodeAdded, ABU: 0
2026-03-10 10:31:54.204: [INFO] Remove, DeletionOrigin: 19
2026-03-10 10:31:54.204: [INFO] BookmarkNodeRemoved, Url: 1, IsFolder: 0, IsWorkspace: 0
2026-03-10 10:31:54.205: [INFO] BookmarkNodeAdded, ABU: 0
2026-03-10 10:31:54.205: [INFO] Remove, DeletionOrigin: 19
2026-03-10 10:31:54.205: [INFO] BookmarkNodeRemoved, Url: 1, IsFolder: 0, IsWorkspace: 0
2026-03-10 10:31:54.206: [INFO] BookmarkNodeAdded, ABU: 0
2026-03-10 10:31:54.206: [INFO] Remove, DeletionOrigin: 19
2026-03-10 10:31:54.206: [INFO] BookmarkNodeRemoved, Url: 1, IsFolder: 0, IsWorkspace: 0
2026-03-10 10:31:54.206: [INFO] BookmarkNodeAdded, ABU: 0
2026-03-10 10:31:54.206: [INFO] Remove, DeletionOrigin: 19
2026-03-10 10:31:54.206: [INFO] BookmarkNodeRemoved, Url: 1, IsFolder: 0, IsWorkspace: 0
2026-03-10 10:31:54.207: [INFO] BookmarkNodeAdded, ABU: 0
2026-03-10 10:31:54.207: [INFO] Remove, DeletionOrigin: 19
2026-03-10 10:31:54.207: [INFO] BookmarkNodeRemoved, Url: 1, IsFolder: 0, IsWorkspace: 0
2026-03-10 10:31:54.208: [INFO] BookmarkNodeAdded, ABU: 0
2026-03-10 10:31:54.208: [INFO] Remove, DeletionOrigin: 19
2026-03-10 10:31:54.208: [INFO] BookmarkNodeRemoved, Url: 1, IsFolder: 0, IsWorkspace: 0
2026-03-10 10:31:54.209: [INFO] BookmarkNodeAdded, ABU: 0
2026-03-10 10:31:54.209: [INFO] BookmarkNodeAdded, ABU: 0
2026-03-10 10:31:54.209: [INFO] Remove, DeletionOrigin: 19
2026-03-10 10:31:54.209: [INFO] BookmarkNodeRemoved, Url: 1, IsFolder: 0, IsWorkspace: 0
2026-03-10 10:31:54.210: [INFO] BookmarkNodeAdded, ABU: 0
2026-03-10 10:31:54.210: [INFO] Remove, DeletionOrigin: 19
2026-03-10 10:31:54.210: [INFO] BookmarkNodeRemoved, Url: 1, IsFolder: 0, IsWorkspace: 0
2026-03-10 10:31:54.211: [INFO] BookmarkNodeAdded, ABU: 0
2026-03-10 10:31:54.211: [INFO] Remove, DeletionOrigin: 19
2026-03-10 10:31:54.211: [INFO] BookmarkNodeRemoved, Url: 1, IsFolder: 0, IsWorkspace: 0
2026-03-10 10:31:54.212: [INFO] BookmarkNodeAdded, ABU: 0
2026-03-10 10:31:54.212: [INFO] Remove, DeletionOrigin: 19
2026-03-10 10:31:54.212: [INFO] BookmarkNodeRemoved, Url: 1, IsFolder: 0, IsWorkspace: 0
2026-03-10 10:31:54.213: [INFO] BookmarkNodeAdded, ABU: 0
2026-03-10 10:31:54.213: [INFO] Remove, DeletionOrigin: 19
2026-03-10 10:31:54.213: [INFO] BookmarkNodeRemoved, Url: 1, IsFolder: 0, IsWorkspace: 0
2026-03-10 10:31:54.213: [INFO] BookmarkNodeAdded, ABU: 0
2026-03-10 10:31:54.213: [INFO] Remove, DeletionOrigin: 19
2026-03-10 10:31:54.213: [INFO] BookmarkNodeRemoved, Url: 1, IsFolder: 0, IsWorkspace: 0
2026-03-10 10:31:54.214: [INFO] BookmarkNodeAdded, ABU: 0
2026-03-10 10:31:54.215: [INFO] BookmarkNodeAdded, ABU: 0
2026-03-10 10:31:54.216: [INFO] BookmarkNodeAdded, ABU: 0
2026-03-10 10:31:54.216: [INFO] BookmarkNodeAdded, ABU: 0
2026-03-10 10:31:54.217: [INFO] BookmarkNodeMoved
2026-03-10 10:31:54.217: [INFO] BookmarkNodeAdded, ABU: 0
2026-03-10 10:31:54.217: [INFO] Remove, DeletionOrigin: 19
2026-03-10 10:31:54.217: [INFO] BookmarkNodeRemoved, Url: 1, IsFolder: 0, IsWorkspace: 0
2026-03-10 10:31:54.218: [INFO] BookmarkNodeAdded, ABU: 0
2026-03-10 10:31:54.219: [INFO] BookmarkNodeAdded, ABU: 0
2026-03-10 10:31:54.219: [INFO] BookmarkNodeAdded, ABU: 0
2026-03-10 10:31:54.219: [INFO] Remove, DeletionOrigin: 19
2026-03-10 10:31:54.220: [INFO] BookmarkNodeRemoved, Url: 1, IsFolder: 0, IsWorkspace: 0
2026-03-10 10:31:54.220: [INFO] BookmarkNodeAdded, ABU: 0
2026-03-10 10:31:54.220: [INFO] Remove, DeletionOrigin: 19
2026-03-10 10:31:54.220: [INFO] BookmarkNodeRemoved, Url: 1, IsFolder: 0, IsWorkspace: 0
2026-03-10 10:31:54.221: [INFO] BookmarkNodeAdded, ABU: 0
2026-03-10 10:31:54.221: [INFO] Remove, DeletionOrigin: 19
2026-03-10 10:31:54.221: [INFO] BookmarkNodeRemoved, Url: 1, IsFolder: 0, IsWorkspace: 0
2026-03-10 10:31:54.222: [INFO] BookmarkNodeAdded, ABU: 0
2026-03-10 10:31:54.223: [INFO] BookmarkNodeAdded, ABU: 0
2026-03-10 10:31:54.223: [INFO] BookmarkNodeAdded, ABU: 0
2026-03-10 10:31:54.224: [INFO] BookmarkNodeAdded, ABU: 0
2026-03-10 10:31:54.224: [INFO] Remove, DeletionOrigin: 19
2026-03-10 10:31:54.224: [INFO] BookmarkNodeRemoved, Url: 1, IsFolder: 0, IsWorkspace: 0
2026-03-10 10:31:55.290: [INFO] Sync initialization duration: 1794ms
2026-03-10 10:38:49.609: [INFO] VisibilityChanged: 0
2026-03-10 10:38:49.664: [INFO] BookmarkModelLoaded, ids_reassigned: 0
2026-03-10 10:38:49.664: [INFO] OnDoneLoading sync enabled: 1
2026-03-10 10:38:49.894: [INFO] Sync initialization duration: 41ms
